<?xml version="1.0" encoding="UTF-8"?>
<testng-results ignored="0" total="1" passed="1" failed="0" skipped="0">
  <reporter-output>
  </reporter-output>
  <suite started-at="2024-01-06T08:49:29 IST" name="Suite" finished-at="2024-01-06T08:49:59 IST" duration-ms="29700">
    <groups>
    </groups>
    <test started-at="2024-01-06T08:49:29 IST" name="Test" finished-at="2024-01-06T08:49:59 IST" duration-ms="29700">
      <class name="Runner.TrueValue_Runner">
        <test-method is-config="true" signature="Open()[pri:0, instance:Runner.TrueValue_Runner@18ce0030]" started-at="2024-01-06T08:49:29 IST" name="Open" finished-at="2024-01-06T08:49:52 IST" duration-ms="23138" status="PASS">
          <reporter-output>
          </reporter-output>
        </test-method> <!-- Open -->
        <test-method signature="Home_Page()[pri:0, instance:Runner.TrueValue_Runner@18ce0030]" started-at="2024-01-06T08:49:52 IST" name="Home_Page" finished-at="2024-01-06T08:49:59 IST" duration-ms="6488" status="PASS">
          <reporter-output>
          </reporter-output>
        </test-method> <!-- Home_Page -->
      </class> <!-- Runner.TrueValue_Runner -->
    </test> <!-- Test -->
  </suite> <!-- Suite -->
</testng-results>
