<?xml version="1.0" encoding="UTF-8"?>
<testng-results ignored="0" total="1" passed="1" failed="0" skipped="0">
  <reporter-output>
  </reporter-output>
  <suite started-at="2024-01-01T17:36:32 IST" name="Default suite" finished-at="2024-01-01T17:37:19 IST" duration-ms="47115">
    <groups>
    </groups>
    <test started-at="2024-01-01T17:36:32 IST" name="Default test" finished-at="2024-01-01T17:37:19 IST" duration-ms="47115">
      <class name="Runner.TrueValue_Runner">
        <test-method is-config="true" signature="Open()[pri:0, instance:Runner.TrueValue_Runner@59fd97a8]" started-at="2024-01-01T17:36:32 IST" name="Open" finished-at="2024-01-01T17:37:11 IST" duration-ms="39226" status="PASS">
          <reporter-output>
          </reporter-output>
        </test-method> <!-- Open -->
        <test-method signature="Home_Page()[pri:0, instance:Runner.TrueValue_Runner@59fd97a8]" started-at="2024-01-01T17:37:11 IST" name="Home_Page" finished-at="2024-01-01T17:37:19 IST" duration-ms="7785" status="PASS">
          <reporter-output>
          </reporter-output>
        </test-method> <!-- Home_Page -->
      </class> <!-- Runner.TrueValue_Runner -->
    </test> <!-- Default test -->
  </suite> <!-- Default suite -->
</testng-results>
